<?xml version="1.0" encoding="UTF-8"?>
<!-- Generated by org.testng.reporters.JUnitXMLReporter -->
<testsuite ignored="0" hostname="DESKTOP-UKG2FJD" failures="0" tests="2" name="Test" time="21.051" errors="0" timestamp="2025-04-04T13:20:23 IST">
  <testcase classname="vtiger.GenericUtility.BaseClass" name="@AfterMethod amconfig" time="0.003">
    <failure type="java.lang.NoClassDefFoundError" message="vtiger/Objectrepository/HomePage">
      <![CDATA[java.lang.NoClassDefFoundError: vtiger/Objectrepository/HomePage
at vtiger.GenericUtility.BaseClass.amconfig(BaseClass.java:85)
at java.base/java.util.ArrayList.forEach(ArrayList.java:1511)
Caused by: java.lang.ClassNotFoundException: vtiger.Objectrepository.HomePage
at java.base/jdk.internal.loader.BuiltinClassLoader.loadClass(BuiltinClassLoader.java:641)
at java.base/jdk.internal.loader.ClassLoaders$AppClassLoader.loadClass(ClassLoaders.java:188)
at java.base/java.lang.ClassLoader.loadClass(ClassLoader.java:520)
... 34 more
... Removed 32 stack frames]]>
    </failure>
  </testcase> <!-- @AfterMethod amconfig -->
  <testcase classname="vtiger.GenericUtility.BaseClass" name="@BeforeMethod bmconfig" time="0.0">
    <skipped/>
  </testcase> <!-- @BeforeMethod bmconfig -->
  <testcase classname="vtiger.GenericUtility.BaseClass" name="@AfterMethod amconfig" time="0.0">
    <skipped/>
  </testcase> <!-- @AfterMethod amconfig -->
  <testcase classname="vtiger.Organization.test.CreateOrganizationTest" name="demoRegression" time="0.036"/>
  <testcase classname="vtiger.Organization.test.CreateOrganizationTest" name="tc1" time="0.001">
    <skipped/>
  </testcase> <!-- tc1 -->
</testsuite> <!-- Test -->
