<?xml version="1.0" encoding="UTF-8"?>
<!-- Generated by org.testng.reporters.JUnitXMLReporter -->
<testsuite ignored="2" hostname="DESKTOP-UKG2FJD" failures="0" tests="0" time="17.597" errors="0" timestamp="2025-04-03T12:06:33 IST">
  <testcase classname="vtiger.Organization.test.CreateOrganizationTest" name="demoRegression" time="0.0">
    <ignored/>
  </testcase> <!-- demoRegression -->
  <testcase classname="vtiger.Organization.test.CreateOrganizationTest" name="tc1" time="0.0">
    <ignored/>
  </testcase> <!-- tc1 -->
</testsuite>
