<?xml version="1.0" encoding="UTF-8"?>
<testng-results ignored="0" total="1" passed="1" failed="0" skipped="0">
  <reporter-output>
  </reporter-output>
  <suite started-at="2025-04-03T19:07:00 IST" name="Default suite" finished-at="2025-04-03T19:07:00 IST" duration-ms="87">
    <groups>
    </groups>
    <test started-at="2025-04-03T19:07:00 IST" name="Default test" finished-at="2025-04-03T19:07:00 IST" duration-ms="87">
      <class name="vtiger.practise.ReadDataFromCmdLine">
        <test-method signature="readdata()[pri:0, instance:vtiger.practise.ReadDataFromCmdLine@74235045]" started-at="2025-04-03T19:07:00 IST" name="readdata" finished-at="2025-04-03T19:07:00 IST" duration-ms="17" status="PASS">
          <reporter-output>
          </reporter-output>
        </test-method> <!-- readdata -->
      </class> <!-- vtiger.practise.ReadDataFromCmdLine -->
    </test> <!-- Default test -->
  </suite> <!-- Default suite -->
</testng-results>
